::1 - - [07/Jun/2022:09:54:59 +0000] "GET / HTTP/1.1" 404 139 "-" "Mozilla/5.0 (Windows NT 10.0; Win64; x64) AppleWebKit/537.36 (KHTML, like Gecko) Chrome/102.0.5005.63 Safari/537.36"
::1 - - [07/Jun/2022:09:55:16 +0000] "GET /auth/signup HTTP/1.1" 404 150 "-" "Mozilla/5.0 (Windows NT 10.0; Win64; x64) AppleWebKit/537.36 (KHTML, like Gecko) Chrome/102.0.5005.63 Safari/537.36"
::1 - - [07/Jun/2022:09:57:43 +0000] "GET /auth/signup HTTP/1.1" 404 150 "-" "Mozilla/5.0 (Windows NT 10.0; Win64; x64) AppleWebKit/537.36 (KHTML, like Gecko) Chrome/102.0.5005.63 Safari/537.36"
::1 - - [07/Jun/2022:09:57:44 +0000] "GET /auth/signup HTTP/1.1" 404 150 "-" "Mozilla/5.0 (Windows NT 10.0; Win64; x64) AppleWebKit/537.36 (KHTML, like Gecko) Chrome/102.0.5005.63 Safari/537.36"
::1 - - [07/Jun/2022:09:57:44 +0000] "GET /auth/signup HTTP/1.1" 404 150 "-" "Mozilla/5.0 (Windows NT 10.0; Win64; x64) AppleWebKit/537.36 (KHTML, like Gecko) Chrome/102.0.5005.63 Safari/537.36"
::1 - - [07/Jun/2022:09:57:44 +0000] "GET /auth/signup HTTP/1.1" 404 150 "-" "Mozilla/5.0 (Windows NT 10.0; Win64; x64) AppleWebKit/537.36 (KHTML, like Gecko) Chrome/102.0.5005.63 Safari/537.36"
::1 - - [07/Jun/2022:09:57:45 +0000] "GET /auth/signup HTTP/1.1" 404 150 "-" "Mozilla/5.0 (Windows NT 10.0; Win64; x64) AppleWebKit/537.36 (KHTML, like Gecko) Chrome/102.0.5005.63 Safari/537.36"
::1 - - [07/Jun/2022:09:57:45 +0000] "GET /auth/signup HTTP/1.1" 404 150 "-" "Mozilla/5.0 (Windows NT 10.0; Win64; x64) AppleWebKit/537.36 (KHTML, like Gecko) Chrome/102.0.5005.63 Safari/537.36"
::1 - - [07/Jun/2022:09:57:45 +0000] "GET /auth/signup HTTP/1.1" 404 150 "-" "Mozilla/5.0 (Windows NT 10.0; Win64; x64) AppleWebKit/537.36 (KHTML, like Gecko) Chrome/102.0.5005.63 Safari/537.36"
::1 - - [07/Jun/2022:09:57:45 +0000] "GET /auth/signup HTTP/1.1" 404 150 "-" "Mozilla/5.0 (Windows NT 10.0; Win64; x64) AppleWebKit/537.36 (KHTML, like Gecko) Chrome/102.0.5005.63 Safari/537.36"
::1 - - [07/Jun/2022:10:02:52 +0000] "PUT /auth/signup HTTP/1.1" 200 71 "-" "PostmanRuntime/7.29.0"
::1 - - [07/Jun/2022:10:03:43 +0000] "PUT /auth/signup HTTP/1.1" 200 71 "-" "PostmanRuntime/7.29.0"
::1 - - [07/Jun/2022:10:04:11 +0000] "PUT /auth/signup HTTP/1.1" 200 71 "-" "PostmanRuntime/7.29.0"
::1 - - [07/Jun/2022:10:34:22 +0000] "PUT /auth/signup HTTP/1.1" 404 33 "-" "PostmanRuntime/7.29.0"
::1 - - [07/Jun/2022:10:54:23 +0000] "PUT /auth/login HTTP/1.1" 404 149 "-" "PostmanRuntime/7.29.0"
::1 - - [07/Jun/2022:10:54:40 +0000] "POST /auth/login HTTP/1.1" 404 27 "-" "PostmanRuntime/7.29.0"
::1 - - [07/Jun/2022:10:54:59 +0000] "POST /auth/login HTTP/1.1" 200 276 "-" "PostmanRuntime/7.29.0"
::1 - - [07/Jun/2022:11:55:34 +0000] "POST /auth/signup HTTP/1.1" 404 151 "-" "PostmanRuntime/7.29.0"
::1 - - [07/Jun/2022:11:55:49 +0000] "PUT /auth/signup HTTP/1.1" 200 71 "-" "PostmanRuntime/7.29.0"
::1 - - [07/Jun/2022:11:56:30 +0000] "PUT /auth/signup HTTP/1.1" 200 71 "-" "PostmanRuntime/7.29.0"
::1 - - [07/Jun/2022:12:09:15 +0000] "PUT /auth/login HTTP/1.1" 404 149 "-" "PostmanRuntime/7.29.0"
::1 - - [07/Jun/2022:12:16:08 +0000] "POST /auth/login HTTP/1.1" 500 47 "-" "PostmanRuntime/7.29.0"
::1 - - [07/Jun/2022:12:21:45 +0000] "POST /auth/login HTTP/1.1" 500 47 "-" "PostmanRuntime/7.29.0"
::1 - - [07/Jun/2022:12:22:19 +0000] "POST /auth/login HTTP/1.1" 500 47 "-" "PostmanRuntime/7.29.0"
::1 - - [07/Jun/2022:12:22:47 +0000] "POST /auth/login HTTP/1.1" 500 47 "-" "PostmanRuntime/7.29.0"
::1 - - [07/Jun/2022:12:23:29 +0000] "POST /auth/login HTTP/1.1" 500 47 "-" "PostmanRuntime/7.29.0"
::1 - - [07/Jun/2022:12:25:07 +0000] "POST /auth/login HTTP/1.1" 200 279 "-" "PostmanRuntime/7.29.0"
::1 - - [07/Jun/2022:12:46:02 +0000] "PUT /auth/login HTTP/1.1" 404 149 "-" "PostmanRuntime/7.29.0"
::1 - - [07/Jun/2022:12:46:12 +0000] "POST /auth/login HTTP/1.1" 200 279 "-" "PostmanRuntime/7.29.0"
::1 - - [07/Jun/2022:12:50:02 +0000] "PUT /admin/addstore HTTP/1.1" 200 77 "-" "PostmanRuntime/7.29.0"
::1 - - [07/Jun/2022:12:51:04 +0000] "POST /auth/login HTTP/1.1" 200 277 "-" "PostmanRuntime/7.29.0"
::1 - - [07/Jun/2022:12:51:50 +0000] "PUT /admin/addstore HTTP/1.1" 401 58 "-" "PostmanRuntime/7.29.0"
::1 - - [07/Jun/2022:14:21:46 +0000] "PUT /addstore/629f497a62902355b5d5a9d6 HTTP/1.1" 404 172 "-" "PostmanRuntime/7.29.0"
::1 - - [07/Jun/2022:14:22:24 +0000] "PUT /addDevice/629f497a62902355b5d5a9d6 HTTP/1.1" 404 173 "-" "PostmanRuntime/7.29.0"
::1 - - [07/Jun/2022:14:22:57 +0000] "PUT /admin/addDevice/629f497a62902355b5d5a9d6 HTTP/1.1" 401 58 "-" "PostmanRuntime/7.29.0"
::1 - - [07/Jun/2022:14:23:34 +0000] "POST /auth/login HTTP/1.1" 200 279 "-" "PostmanRuntime/7.29.0"
::1 - - [07/Jun/2022:14:23:57 +0000] "PUT /admin/addDevice/629f497a62902355b5d5a9d6 HTTP/1.1" 500 34 "-" "PostmanRuntime/7.29.0"
::1 - - [07/Jun/2022:14:25:19 +0000] "PUT /admin/addDevice/629f497a62902355b5d5a9d6 HTTP/1.1" 500 34 "-" "PostmanRuntime/7.29.0"
::1 - - [07/Jun/2022:14:25:50 +0000] "PUT /admin/addDevice/629f497a62902355b5d5a9d6 HTTP/1.1" 500 34 "-" "PostmanRuntime/7.29.0"
::1 - - [07/Jun/2022:14:27:40 +0000] "PUT /admin/addDevice/629f497a62902355b5d5a9d6 HTTP/1.1" 500 34 "-" "PostmanRuntime/7.29.0"
::1 - - [07/Jun/2022:14:28:52 +0000] "PUT /admin/addDevice/629f497a62902355b5d5a9d6 HTTP/1.1" 500 34 "-" "PostmanRuntime/7.29.0"
::1 - - [07/Jun/2022:14:29:35 +0000] "PUT /admin/addDevice/629f497a62902355b5d5a9d6 HTTP/1.1" 200 217 "-" "PostmanRuntime/7.29.0"
::1 - - [07/Jun/2022:14:30:34 +0000] "PUT /admin/addDevice/629f497a62902355b5d5a9d6 HTTP/1.1" 500 34 "-" "PostmanRuntime/7.29.0"
::1 - - [07/Jun/2022:14:30:56 +0000] "PUT /admin/addDevice/629f497a62902355b5d5a9d6 HTTP/1.1" 500 34 "-" "PostmanRuntime/7.29.0"
::1 - - [07/Jun/2022:14:33:55 +0000] "PUT /admin/addDevice/629f497a62902355b5d5a9d6 HTTP/1.1" 500 34 "-" "PostmanRuntime/7.29.0"
::1 - - [07/Jun/2022:14:37:41 +0000] "PUT /admin/addstore HTTP/1.1" 200 77 "-" "PostmanRuntime/7.29.0"
::1 - - [07/Jun/2022:14:38:04 +0000] "PUT /admin/addstore/629f62b5d547b5667d90635a HTTP/1.1" 404 178 "-" "PostmanRuntime/7.29.0"
::1 - - [07/Jun/2022:14:38:16 +0000] "PUT /admin/addDevice/629f62b5d547b5667d90635a HTTP/1.1" 500 34 "-" "PostmanRuntime/7.29.0"
::1 - - [07/Jun/2022:14:45:08 +0000] "PUT /admin/addstore HTTP/1.1" 500 34 "-" "PostmanRuntime/7.29.0"
::1 - - [07/Jun/2022:14:45:39 +0000] "PUT /admin/addstore HTTP/1.1" 500 34 "-" "PostmanRuntime/7.29.0"
::1 - - [07/Jun/2022:14:46:18 +0000] "PUT /admin/addstore HTTP/1.1" 200 77 "-" "PostmanRuntime/7.29.0"
::1 - - [07/Jun/2022:14:46:40 +0000] "PUT /admin/addDevice/629f64ba5abbc3830505a0c2 HTTP/1.1" 500 34 "-" "PostmanRuntime/7.29.0"
::1 - - [07/Jun/2022:14:48:20 +0000] "PUT /admin/addDevice/629f64ba5abbc3830505a0c2 HTTP/1.1" 200 217 "-" "PostmanRuntime/7.29.0"
::1 - - [07/Jun/2022:14:48:29 +0000] "PUT /admin/addDevice/629f64ba5abbc3830505a0c2 HTTP/1.1" 200 217 "-" "PostmanRuntime/7.29.0"
::1 - - [07/Jun/2022:14:50:20 +0000] "PUT /admin/addDevice/629f64ba5abbc3830505a0c2 HTTP/1.1" 200 217 "-" "PostmanRuntime/7.29.0"
::1 - - [07/Jun/2022:14:51:58 +0000] "PUT /admin/addDevice/629f64ba5abbc3830505a0c2 HTTP/1.1" 200 217 "-" "PostmanRuntime/7.29.0"
::1 - - [07/Jun/2022:14:53:10 +0000] "PUT /admin/addDevice/629f64ba5abbc3830505a0c2 HTTP/1.1" 200 217 "-" "PostmanRuntime/7.29.0"
::1 - - [07/Jun/2022:14:53:25 +0000] "PUT /admin/addDevice/629f64ba5abbc3830505a0c2 HTTP/1.1" 409 28 "-" "PostmanRuntime/7.29.0"
::1 - - [07/Jun/2022:17:23:52 +0000] "POST /auth/login HTTP/1.1" 200 277 "-" "PostmanRuntime/7.29.0"
::1 - - [07/Jun/2022:17:24:34 +0000] "GET /store/storeData HTTP/1.1" 200 212 "-" "PostmanRuntime/7.29.0"
